2014-07-28 17:34:08.297 Donler[24463:70b] Multi-tasking -> Device: YES, App: YES
2014-07-28 17:34:08.410 Donler[24463:70b] Unlimited access to network resources
2014-07-28 17:34:08.413 Donler[24463:70b] 

Started backup to iCloud! Please be careful.
Your application might rejected by Apple if you store too much data.
For more information please read "iOS Data Storage Guidelines"
You could find it at the following address https://developer.apple.com/icloud/documentation/data-storage/ .

2014-07-28 17:34:08.470 Donler[24463:70b] CDVPlugin class CDVStatusBar (pluginName: statusbar) does not exist.
2014-07-28 17:34:08.471 Donler[24463:70b] [CDVTimer][statusbar] 0.711977ms
2014-07-28 17:34:08.472 Donler[24463:70b] [CDVTimer][TotalPluginStartup] 1.289010ms
2014-07-28 17:34:09.202 Donler[24463:70b] Resetting plugins due to page load.
2014-07-28 17:34:09.610 Donler[24463:70b] Finished load of: file:///Users/yali-04/Library/Application%20Support/iPhone%20Simulator/7.1/Applications/DA7DBB8E-3362-49F4-9C81-F3B53AD27BD2/Donler.app/www/index.html#/login
2014-07-28 17:39:17.268 Donler[25200:70b] Multi-tasking -> Device: YES, App: YES
2014-07-28 17:39:17.451 Donler[25200:70b] Unlimited access to network resources
2014-07-28 17:39:17.502 Donler[25200:70b] 

Started backup to iCloud! Please be careful.
Your application might rejected by Apple if you store too much data.
For more information please read "iOS Data Storage Guidelines"
You could find it at the following address https://developer.apple.com/icloud/documentation/data-storage/ .

2014-07-28 17:39:17.565 Donler[25200:70b] CDVPlugin class CDVStatusBar (pluginName: statusbar) does not exist.
2014-07-28 17:39:17.565 Donler[25200:70b] [CDVTimer][statusbar] 0.497997ms
2014-07-28 17:39:17.566 Donler[25200:70b] [CDVTimer][TotalPluginStartup] 0.961006ms
2014-07-28 17:39:18.730 Donler[25200:70b] Resetting plugins due to page load.
2014-07-28 17:39:19.484 Donler[25200:70b] Finished load of: file:///Users/yali-04/Library/Application%20Support/iPhone%20Simulator/7.1/Applications/DA7DBB8E-3362-49F4-9C81-F3B53AD27BD2/Donler.app/www/index.html#/login
2014-07-28 17:40:25.585 Donler[25538:70b] Multi-tasking -> Device: YES, App: YES
2014-07-28 17:40:25.624 Donler[25538:70b] Unlimited access to network resources
2014-07-28 17:40:25.671 Donler[25538:70b] 

Started backup to iCloud! Please be careful.
Your application might rejected by Apple if you store too much data.
For more information please read "iOS Data Storage Guidelines"
You could find it at the following address https://developer.apple.com/icloud/documentation/data-storage/ .

2014-07-28 17:40:25.686 Donler[25538:70b] CDVPlugin class CDVStatusBar (pluginName: statusbar) does not exist.
2014-07-28 17:40:25.686 Donler[25538:70b] [CDVTimer][statusbar] 0.503004ms
2014-07-28 17:40:25.687 Donler[25538:70b] [CDVTimer][TotalPluginStartup] 0.891030ms
2014-07-28 17:40:26.069 Donler[25538:70b] Resetting plugins due to page load.
2014-07-28 17:40:26.561 Donler[25538:70b] Finished load of: file:///Users/yali-04/Library/Application%20Support/iPhone%20Simulator/7.1/Applications/DA7DBB8E-3362-49F4-9C81-F3B53AD27BD2/Donler.app/www/index.html#/login
2014-07-28 17:43:48.488 Donler[26292:70b] Multi-tasking -> Device: YES, App: YES
2014-07-28 17:43:48.583 Donler[26292:70b] Unlimited access to network resources
2014-07-28 17:43:48.662 Donler[26292:70b] 

Started backup to iCloud! Please be careful.
Your application might rejected by Apple if you store too much data.
For more information please read "iOS Data Storage Guidelines"
You could find it at the following address https://developer.apple.com/icloud/documentation/data-storage/ .

2014-07-28 17:43:48.710 Donler[26292:70b] CDVPlugin class CDVStatusBar (pluginName: statusbar) does not exist.
2014-07-28 17:43:48.710 Donler[26292:70b] [CDVTimer][statusbar] 0.564992ms
2014-07-28 17:43:48.711 Donler[26292:70b] [CDVTimer][TotalPluginStartup] 0.970006ms
2014-07-28 17:43:49.251 Donler[26292:70b] Resetting plugins due to page load.
2014-07-28 17:43:49.744 Donler[26292:70b] Finished load of: file:///Users/yali-04/Library/Application%20Support/iPhone%20Simulator/7.1/Applications/DA7DBB8E-3362-49F4-9C81-F3B53AD27BD2/Donler.app/www/index.html#/login
2014-07-28 17:48:08.426 Donler[27057:70b] Multi-tasking -> Device: YES, App: YES
2014-07-28 17:48:08.458 Donler[27057:70b] Unlimited access to network resources
2014-07-28 17:48:08.478 Donler[27057:70b] 

Started backup to iCloud! Please be careful.
Your application might rejected by Apple if you store too much data.
For more information please read "iOS Data Storage Guidelines"
You could find it at the following address https://developer.apple.com/icloud/documentation/data-storage/ .

2014-07-28 17:48:08.494 Donler[27057:70b] CDVPlugin class CDVStatusBar (pluginName: statusbar) does not exist.
2014-07-28 17:48:08.495 Donler[27057:70b] [CDVTimer][statusbar] 0.553966ms
2014-07-28 17:48:08.495 Donler[27057:70b] [CDVTimer][TotalPluginStartup] 0.960946ms
2014-07-28 17:48:09.381 Donler[27057:70b] Resetting plugins due to page load.
2014-07-28 17:48:10.022 Donler[27057:70b] Finished load of: file:///Users/yali-04/Library/Application%20Support/iPhone%20Simulator/7.1/Applications/DA7DBB8E-3362-49F4-9C81-F3B53AD27BD2/Donler.app/www/index.html#/login
2014-07-28 17:56:55.879 Donler[27057:70b] Resetting plugins due to page load.
2014-07-28 17:56:55.963 Donler[27057:70b] Failed to load webpage with error: The requested URL was not found on this server.
2014-07-28 17:56:56.929 Donler[27057:70b] Resetting plugins due to page load.
2014-07-28 17:56:56.931 Donler[27057:70b] Failed to load webpage with error: The requested URL was not found on this server.
2014-07-28 17:56:57.293 Donler[27057:70b] Resetting plugins due to page load.
2014-07-28 17:56:57.294 Donler[27057:70b] Failed to load webpage with error: The requested URL was not found on this server.
2014-07-28 17:56:57.486 Donler[27057:70b] Resetting plugins due to page load.
2014-07-28 17:56:57.488 Donler[27057:70b] Failed to load webpage with error: The requested URL was not found on this server.
2014-07-28 17:56:57.680 Donler[27057:70b] Resetting plugins due to page load.
2014-07-28 17:56:57.682 Donler[27057:70b] Failed to load webpage with error: The requested URL was not found on this server.
2014-07-28 17:56:57.867 Donler[27057:70b] Resetting plugins due to page load.
2014-07-28 17:56:57.868 Donler[27057:70b] Failed to load webpage with error: The requested URL was not found on this server.
2014-07-28 17:57:20.687 Donler[27057:70b] Resetting plugins due to page load.
2014-07-28 17:57:20.760 Donler[27057:70b] Failed to load webpage with error: The requested URL was not found on this server.
2014-07-28 17:57:21.176 Donler[27057:70b] Resetting plugins due to page load.
2014-07-28 17:57:21.178 Donler[27057:70b] Failed to load webpage with error: The requested URL was not found on this server.
2014-07-28 17:57:21.354 Donler[27057:70b] Resetting plugins due to page load.
2014-07-28 17:57:21.357 Donler[27057:70b] Failed to load webpage with error: The requested URL was not found on this server.
2014-07-28 19:14:53.876 Donler[33635:70b] Multi-tasking -> Device: YES, App: YES
2014-07-28 19:14:53.904 Donler[33635:70b] Unlimited access to network resources
2014-07-28 19:14:53.954 Donler[33635:70b] 

Started backup to iCloud! Please be careful.
Your application might rejected by Apple if you store too much data.
For more information please read "iOS Data Storage Guidelines"
You could find it at the following address https://developer.apple.com/icloud/documentation/data-storage/ .

2014-07-28 19:14:55.334 Donler[33635:70b] CDVPlugin class CDVStatusBar (pluginName: statusbar) does not exist.
2014-07-28 19:14:55.335 Donler[33635:70b] [CDVTimer][statusbar] 0.601053ms
2014-07-28 19:14:55.335 Donler[33635:70b] [CDVTimer][TotalPluginStartup] 1.040995ms
2014-07-28 19:14:55.590 Donler[33635:70b] Resetting plugins due to page load.
2014-07-28 19:14:56.402 Donler[33635:70b] Finished load of: file:///Users/yali-04/Library/Application%20Support/iPhone%20Simulator/7.1/Applications/DA7DBB8E-3362-49F4-9C81-F3B53AD27BD2/Donler.app/www/index.html#/login
2014-07-28 19:20:41.480 Donler[34476:70b] Multi-tasking -> Device: YES, App: YES
2014-07-28 19:20:41.510 Donler[34476:70b] Unlimited access to network resources
2014-07-28 19:20:41.513 Donler[34476:70b] 

Started backup to iCloud! Please be careful.
Your application might rejected by Apple if you store too much data.
For more information please read "iOS Data Storage Guidelines"
You could find it at the following address https://developer.apple.com/icloud/documentation/data-storage/ .

2014-07-28 19:20:41.527 Donler[34476:70b] CDVPlugin class CDVStatusBar (pluginName: statusbar) does not exist.
2014-07-28 19:20:41.527 Donler[34476:70b] [CDVTimer][statusbar] 0.514984ms
2014-07-28 19:20:41.528 Donler[34476:70b] [CDVTimer][TotalPluginStartup] 1.021028ms
2014-07-28 19:20:42.225 Donler[34476:70b] Resetting plugins due to page load.
2014-07-28 19:20:42.506 Donler[34476:70b] Finished load of: file:///Users/yali-04/Library/Application%20Support/iPhone%20Simulator/7.1/Applications/DA7DBB8E-3362-49F4-9C81-F3B53AD27BD2/Donler.app/www/index.html#/login
2014-07-28 19:34:34.154 Donler[34476:70b] ERROR: Error: 'undefined' is not an object (evaluating 'campaign_list.length')
setTime@file:///Users/yali-04/Library/Application%20Support/iPhone%20Simulator/7.1/Applications/DA7DBB8E-3362-49F4-9C81-F3B53AD27BD2/Donler.app/www/js/services.js:98:38
file:///Users/yali-04/Library/Application%20Support/iPhone%20Simulator/7.1/Applications/DA7DBB8E-3362-49F4-9C81-F3B53AD27BD2/Donler.app/www/js/services.js:127:14
file:///Users/yali-04/Library/Application%20Support/iPhone%20Simulator/7.1/Applications/DA7DBB8E-3362-49F4-9C81-F3B53AD27BD2/Donler.app/www/lib/ionic/js/ionic.bundle.js:20252:13
wrappedCallback@file:///Users/yali-04/Library/Application%20Support/iPhone%20Simulator/7.1/Applications/DA7DBB8E-3362-49F4-9C81-F3B53AD27BD2/Donler.app/www/lib/ionic/js/ionic.bundle.js:23641:81
wrappedCallback@file:///Users/yali-04/Library/Application%20Support/iPhone%20Simulator/7.1/Applications/DA7DBB8E-3362-49F4-9C81-F3B53AD27BD2/Donler.app/www/lib/ionic/js/ionic.bundle.js:23641:81
file:///Users/yali-04/Library/Application%20Support/iPhone%20Simulator/7.1/Applications/DA7DBB8E-3362-49F4-9C81-F3B53AD27BD2/Donler.app/www/lib/ionic/js/ionic.bundle.js:23727:34
$eval@file:///Users/yali-04/Library/Application%20Support/iPhone%20Simulator/7.1/Applications/DA7DBB8E-3362-49F4-9C81-F3B53AD27BD2/Donler.app/www/lib/ionic/js/ionic.bundle.js:24653:28
$digest@file:///Users/yali-04/Library/Application%20Support/iPhone%20Simulator/7.1/Applications/DA7DBB8E-3362-49F4-9C81-F3B53AD27BD2/Donler.app/www/lib/ionic/js/ionic.bundle.js:24479:36
$apply@file:///Users/yali-04/Library/Application%20Support/iPhone%20Simulator/7.1/Applications/DA7DBB8E-3362-49F4-9C81-F3B53AD27BD2/Donler.app/www/lib/ionic/js/ionic.bundle.js:24759:31
done@file:///Users/yali-04/Library/Application%20Support/iPhone%20Simulator/7.1/Applications/DA7DBB8E-3362-49F4-9C81-F3B53AD27BD2/Donler.app/www/lib/ionic/js/ionic.bundle.js:20517:51
completeRequest@file:///Users/yali-04/Library/Application%20Support/iPhone%20Simulator/7.1/Applications/DA7DBB8E-3362-49F4-9C81-F3B53AD27BD2/Donler.app/www/lib/ionic/js/ionic.bundle.js:20718:15
onreadystatechange@file:///Users/yali-04/Library/Application%20Support/iPhone%20Simulator/7.1/Applications/DA7DBB8E-3362-49F4-9C81-F3B53AD27BD2/Donler.app/www/lib/ionic/js/ionic.bundle.js:20661:26
2014-07-28 19:34:34.176 Donler[34476:70b] THREAD WARNING: ['Console'] took '21.635986' ms. Plugin should use a background thread.
2014-07-28 19:42:31.106 Donler[34476:70b] ERROR: Error: 'undefined' is not an object (evaluating 'campaign_list.length')
setTime@file:///Users/yali-04/Library/Application%20Support/iPhone%20Simulator/7.1/Applications/DA7DBB8E-3362-49F4-9C81-F3B53AD27BD2/Donler.app/www/js/services.js:98:38
file:///Users/yali-04/Library/Application%20Support/iPhone%20Simulator/7.1/Applications/DA7DBB8E-3362-49F4-9C81-F3B53AD27BD2/Donler.app/www/js/services.js:127:14
file:///Users/yali-04/Library/Application%20Support/iPhone%20Simulator/7.1/Applications/DA7DBB8E-3362-49F4-9C81-F3B53AD27BD2/Donler.app/www/lib/ionic/js/ionic.bundle.js:20252:13
wrappedCallback@file:///Users/yali-04/Library/Application%20Support/iPhone%20Simulator/7.1/Applications/DA7DBB8E-3362-49F4-9C81-F3B53AD27BD2/Donler.app/www/lib/ionic/js/ionic.bundle.js:23641:81
wrappedCallback@file:///Users/yali-04/Library/Application%20Support/iPhone%20Simulator/7.1/Applications/DA7DBB8E-3362-49F4-9C81-F3B53AD27BD2/Donler.app/www/lib/ionic/js/ionic.bundle.js:23641:81
file:///Users/yali-04/Library/Application%20Support/iPhone%20Simulator/7.1/Applications/DA7DBB8E-3362-49F4-9C81-F3B53AD27BD2/Donler.app/www/lib/ionic/js/ionic.bundle.js:23727:34
$eval@file:///Users/yali-04/Library/Application%20Support/iPhone%20Simulator/7.1/Applications/DA7DBB8E-3362-49F4-9C81-F3B53AD27BD2/Donler.app/www/lib/ionic/js/ionic.bundle.js:24653:28
$digest@file:///Users/yali-04/Library/Application%20Support/iPhone%20Simulator/7.1/Applications/DA7DBB8E-3362-49F4-9C81-F3B53AD27BD2/Donler.app/www/lib/ionic/js/ionic.bundle.js:24479:36
$apply@file:///Users/yali-04/Library/Application%20Support/iPhone%20Simulator/7.1/Applications/DA7DBB8E-3362-49F4-9C81-F3B53AD27BD2/Donler.app/www/lib/ionic/js/ionic.bundle.js:24759:31
done@file:///Users/yali-04/Library/Application%20Support/iPhone%20Simulator/7.1/Applications/DA7DBB8E-3362-49F4-9C81-F3B53AD27BD2/Donler.app/www/lib/ionic/js/ionic.bundle.js:20517:51
completeRequest@file:///Users/yali-04/Library/Application%20Support/iPhone%20Simulator/7.1/Applications/DA7DBB8E-3362-49F4-9C81-F3B53AD27BD2/Donler.app/www/lib/ionic/js/ionic.bundle.js:20718:15
onreadystatechange@file:///Users/yali-04/Library/Application%20Support/iPhone%20Simulator/7.1/Applications/DA7DBB8E-3362-49F4-9C81-F3B53AD27BD2/Donler.app/www/lib/ionic/js/ionic.bundle.js:20661:26
2014-07-28 19:42:31.149 Donler[34476:70b] THREAD WARNING: ['Console'] took '43.687988' ms. Plugin should use a background thread.
2014-07-29 10:49:42.757 Donler[861:70b] Multi-tasking -> Device: YES, App: YES
2014-07-29 10:49:42.876 Donler[861:70b] Unlimited access to network resources
2014-07-29 10:49:42.921 Donler[861:70b] 

Started backup to iCloud! Please be careful.
Your application might rejected by Apple if you store too much data.
For more information please read "iOS Data Storage Guidelines"
You could find it at the following address https://developer.apple.com/icloud/documentation/data-storage/ .

2014-07-29 10:49:44.590 Donler[861:70b] CDVPlugin class CDVStatusBar (pluginName: statusbar) does not exist.
2014-07-29 10:49:44.591 Donler[861:70b] [CDVTimer][statusbar] 0.853002ms
2014-07-29 10:49:44.592 Donler[861:70b] [CDVTimer][TotalPluginStartup] 1.550019ms
2014-07-29 10:49:44.912 Donler[861:70b] Resetting plugins due to page load.
2014-07-29 10:49:45.571 Donler[861:70b] Finished load of: file:///Users/yali-04/Library/Application%20Support/iPhone%20Simulator/7.1/Applications/DA7DBB8E-3362-49F4-9C81-F3B53AD27BD2/Donler.app/www/index.html#/login
2014-08-01 17:29:41.993 Donler[23067:70b] Multi-tasking -> Device: YES, App: YES
2014-08-01 17:29:42.018 Donler[23067:70b] Unlimited access to network resources
2014-08-01 17:29:42.104 Donler[23067:70b] 

Started backup to iCloud! Please be careful.
Your application might rejected by Apple if you store too much data.
For more information please read "iOS Data Storage Guidelines"
You could find it at the following address https://developer.apple.com/icloud/documentation/data-storage/ .

2014-08-01 17:29:43.754 Donler[23067:70b] CDVPlugin class CDVStatusBar (pluginName: statusbar) does not exist.
2014-08-01 17:29:43.754 Donler[23067:70b] [CDVTimer][statusbar] 0.549018ms
2014-08-01 17:29:43.755 Donler[23067:70b] [CDVTimer][TotalPluginStartup] 0.979006ms
2014-08-01 17:29:43.989 Donler[23067:70b] Resetting plugins due to page load.
2014-08-01 17:29:45.110 Donler[23067:70b] Finished load of: file:///Users/yali-04/Library/Application%20Support/iPhone%20Simulator/7.1/Applications/DA7DBB8E-3362-49F4-9C81-F3B53AD27BD2/Donler.app/www/index.html#/login
2014-08-01 17:29:45.176 Donler[23067:70b] THREAD WARNING: ['Device'] took '35.658936' ms. Plugin should use a background thread.
2014-08-01 17:31:00.964 Donler[23067:70b] ERROR: {}
2014-08-01 17:31:01.083 Donler[23067:70b] THREAD WARNING: ['Console'] took '118.567871' ms. Plugin should use a background thread.
2014-08-01 17:31:01.083 Donler[23067:70b] ERROR: {}
2014-08-01 17:31:01.084 Donler[23067:70b] ERROR: {}
2014-08-01 17:31:01.084 Donler[23067:70b] ERROR: {}
2014-08-01 17:31:01.084 Donler[23067:70b] ERROR: {}
2014-08-01 17:31:01.085 Donler[23067:70b] ERROR: {}
2014-08-01 17:31:01.131 Donler[23067:70b] ERROR: {}
2014-08-01 17:31:42.960 Donler[23067:70b] ERROR: {}
2014-08-01 17:31:42.960 Donler[23067:70b] ERROR: {}
2014-08-01 17:31:43.619 Donler[23067:70b] ERROR: {}
2014-08-01 17:31:43.619 Donler[23067:70b] ERROR: {}
2014-08-01 17:31:44.383 Donler[23067:70b] ERROR: {}
2014-08-01 17:31:44.384 Donler[23067:70b] ERROR: {}
2014-08-01 17:31:46.692 Donler[23067:70b] ERROR: {}
2014-08-01 17:31:47.475 Donler[23067:70b] ERROR: {}
2014-08-01 17:31:47.476 Donler[23067:70b] ERROR: {}
2014-08-01 17:31:47.476 Donler[23067:70b] ERROR: {}
2014-08-01 17:31:47.497 Donler[23067:70b] ERROR: {}
2014-08-01 17:31:47.497 Donler[23067:70b] ERROR: {}
2014-08-01 17:31:48.360 Donler[23067:70b] ERROR: {}
2014-08-01 17:31:48.361 Donler[23067:70b] ERROR: {}
2014-08-01 17:31:49.064 Donler[23067:70b] ERROR: {}
2014-08-01 17:31:49.064 Donler[23067:70b] ERROR: {}
2014-08-01 17:31:49.782 Donler[23067:70b] ERROR: {}
2014-08-01 17:31:49.783 Donler[23067:70b] ERROR: {}
2014-08-01 17:31:50.641 Donler[23067:70b] ERROR: {}
2014-08-01 17:31:50.642 Donler[23067:70b] ERROR: {}
2014-08-01 17:31:53.609 Donler[23067:70b] ERROR: {}
2014-08-01 17:31:53.610 Donler[23067:70b] ERROR: {}
2014-08-01 17:31:55.262 Donler[23067:70b] ERROR: {}
2014-08-01 17:31:55.262 Donler[23067:70b] ERROR: {}
2014-08-01 17:31:56.251 Donler[23067:70b] ERROR: {}
2014-08-01 17:31:56.251 Donler[23067:70b] ERROR: {}
2014-08-01 17:31:57.390 Donler[23067:70b] ERROR: {}
2014-08-01 17:31:57.391 Donler[23067:70b] ERROR: {}
2014-08-01 17:31:58.982 Donler[23067:70b] ERROR: {}
2014-08-01 17:31:58.982 Donler[23067:70b] ERROR: {}
2014-08-01 17:31:59.854 Donler[23067:70b] ERROR: {}
2014-08-01 17:31:59.855 Donler[23067:70b] ERROR: {}
2014-08-01 17:32:00.584 Donler[23067:70b] ERROR: {}
2014-08-01 17:32:00.585 Donler[23067:70b] ERROR: {}
2014-08-01 17:32:01.163 Donler[23067:70b] ERROR: {}
2014-08-01 17:32:01.181 Donler[23067:70b] ERROR: {}
2014-08-01 17:32:01.695 Donler[23067:70b] ERROR: {}
2014-08-01 17:33:28.745 Donler[23067:70b] ERROR: {}
2014-08-01 17:33:29.361 Donler[23067:70b] ERROR: {}
2014-08-01 17:33:29.361 Donler[23067:70b] ERROR: {}
2014-08-01 17:33:29.361 Donler[23067:70b] ERROR: {}
2014-08-01 17:33:29.374 Donler[23067:70b] ERROR: {}
2014-08-01 17:33:29.375 Donler[23067:70b] ERROR: {}
2014-08-01 17:33:30.411 Donler[23067:70b] ERROR: {}
2014-08-01 17:33:30.412 Donler[23067:70b] ERROR: {}
2014-08-01 17:33:31.641 Donler[23067:70b] ERROR: {}
2014-08-01 17:33:31.642 Donler[23067:70b] ERROR: {}
2014-08-01 17:33:32.706 Donler[23067:70b] ERROR: {}
2014-08-01 17:33:32.707 Donler[23067:70b] ERROR: {}
2014-08-01 17:33:33.550 Donler[23067:70b] ERROR: {}
2014-08-01 17:33:33.550 Donler[23067:70b] ERROR: {}
2014-08-01 17:33:40.073 Donler[23067:70b] ERROR: {}
2014-08-01 17:33:40.091 Donler[23067:70b] ERROR: {}
2014-08-01 17:33:40.599 Donler[23067:70b] ERROR: {}
2014-08-01 17:33:43.021 Donler[23067:70b] ERROR: {}
2014-08-01 17:33:43.022 Donler[23067:70b] ERROR: {}
2014-08-01 17:33:43.973 Donler[23067:70b] ERROR: {}
2014-08-01 17:33:43.973 Donler[23067:70b] ERROR: {}
2014-08-01 17:33:45.079 Donler[23067:70b] ERROR: {}
2014-08-01 17:33:45.079 Donler[23067:70b] ERROR: {}
2014-08-01 17:37:58.979 Donler[24536:70b] Multi-tasking -> Device: YES, App: YES
2014-08-01 17:37:59.177 Donler[24536:70b] Unlimited access to network resources
2014-08-01 17:37:59.266 Donler[24536:70b] 

Started backup to iCloud! Please be careful.
Your application might rejected by Apple if you store too much data.
For more information please read "iOS Data Storage Guidelines"
You could find it at the following address https://developer.apple.com/icloud/documentation/data-storage/ .

2014-08-01 17:37:59.814 Donler[24536:70b] CDVPlugin class CDVStatusBar (pluginName: statusbar) does not exist.
2014-08-01 17:37:59.815 Donler[24536:70b] [CDVTimer][statusbar] 0.584006ms
2014-08-01 17:37:59.815 Donler[24536:70b] [CDVTimer][TotalPluginStartup] 0.971973ms
2014-08-01 17:39:07.892 Donler[24973:70b] Multi-tasking -> Device: YES, App: YES
2014-08-01 17:39:07.927 Donler[24973:70b] Unlimited access to network resources
2014-08-01 17:39:07.945 Donler[24973:70b] 

Started backup to iCloud! Please be careful.
Your application might rejected by Apple if you store too much data.
For more information please read "iOS Data Storage Guidelines"
You could find it at the following address https://developer.apple.com/icloud/documentation/data-storage/ .

2014-08-01 17:39:07.960 Donler[24973:70b] CDVPlugin class CDVStatusBar (pluginName: statusbar) does not exist.
2014-08-01 17:39:07.961 Donler[24973:70b] [CDVTimer][statusbar] 0.542998ms
2014-08-01 17:39:07.961 Donler[24973:70b] [CDVTimer][TotalPluginStartup] 0.932992ms
2014-08-01 17:39:08.671 Donler[24973:70b] Resetting plugins due to page load.
2014-08-01 17:39:10.142 Donler[24973:70b] Finished load of: file:///Users/yali-04/Library/Application%20Support/iPhone%20Simulator/7.1/Applications/DA7DBB8E-3362-49F4-9C81-F3B53AD27BD2/Donler.app/www/index.html#/login
2014-08-01 17:39:10.204 Donler[24973:70b] THREAD WARNING: ['Device'] took '11.239990' ms. Plugin should use a background thread.
2014-08-01 17:39:47.368 Donler[24973:70b] ERROR: {}
2014-08-01 17:39:47.399 Donler[24973:70b] THREAD WARNING: ['Console'] took '31.735840' ms. Plugin should use a background thread.
2014-08-01 17:39:47.400 Donler[24973:70b] ERROR: {}
2014-08-01 17:39:47.400 Donler[24973:70b] ERROR: {}
2014-08-01 17:39:47.400 Donler[24973:70b] ERROR: {}
2014-08-01 17:39:47.401 Donler[24973:70b] ERROR: {}
2014-08-01 17:39:47.401 Donler[24973:70b] ERROR: {}
2014-08-01 17:39:47.934 Donler[24973:70b] ERROR: {}
2014-08-01 17:39:51.895 Donler[24973:70b] ERROR: {}
2014-08-01 17:39:51.895 Donler[24973:70b] ERROR: {}
2014-08-01 17:39:51.895 Donler[24973:70b] ERROR: {}
2014-08-01 17:39:52.740 Donler[24973:70b] ERROR: {}
2014-08-01 17:39:52.833 Donler[24973:70b] THREAD WARNING: ['Console'] took '93.026123' ms. Plugin should use a background thread.
2014-08-01 17:39:52.833 Donler[24973:70b] ERROR: {}
2014-08-01 17:39:54.401 Donler[24973:70b] ERROR: {}
2014-08-01 17:39:54.401 Donler[24973:70b] ERROR: {}
2014-08-01 17:39:55.269 Donler[24973:70b] ERROR: {}
2014-08-01 17:39:55.270 Donler[24973:70b] ERROR: {}
2014-08-01 17:39:56.343 Donler[24973:70b] ERROR: {}
2014-08-01 17:39:58.193 Donler[24973:70b] ERROR: {}
2014-08-01 17:39:58.194 Donler[24973:70b] ERROR: {}
2014-08-01 17:39:58.218 Donler[24973:70b] ERROR: {}
2014-08-01 17:39:58.218 Donler[24973:70b] ERROR: {}
2014-08-01 17:39:58.218 Donler[24973:70b] ERROR: {}
2014-08-01 17:40:21.230 Donler[24973:70b] ERROR: {}
2014-08-01 17:40:21.702 Donler[24973:70b] THREAD WARNING: ['Console'] took '546.135010' ms. Plugin should use a background thread.
2014-08-01 17:40:21.706 Donler[24973:70b] ERROR: {}
2014-08-01 17:40:21.747 Donler[24973:70b] ERROR: {}
2014-08-01 17:40:21.747 Donler[24973:70b] ERROR: {}
2014-08-01 17:40:21.747 Donler[24973:70b] ERROR: {}
2014-08-01 17:40:21.748 Donler[24973:70b] ERROR: {}
2014-08-01 17:40:21.748 Donler[24973:70b] ERROR: {}
2014-08-01 17:40:21.748 Donler[24973:70b] ERROR: {}
2014-08-01 17:40:32.746 Donler[24973:70b] ERROR: {}
2014-08-04 16:07:32.592 Donler[21443:70b] Multi-tasking -> Device: YES, App: YES
2014-08-04 16:07:33.924 Donler[21443:70b] Unlimited access to network resources
2014-08-04 16:07:34.041 Donler[21443:70b] 

Started backup to iCloud! Please be careful.
Your application might rejected by Apple if you store too much data.
For more information please read "iOS Data Storage Guidelines"
You could find it at the following address https://developer.apple.com/icloud/documentation/data-storage/ .

2014-08-04 16:07:34.791 Donler[21443:70b] CDVPlugin class CDVStatusBar (pluginName: statusbar) does not exist.
2014-08-04 16:07:34.792 Donler[21443:70b] [CDVTimer][statusbar] 0.656009ms
2014-08-04 16:07:34.792 Donler[21443:70b] [CDVTimer][TotalPluginStartup] 1.132011ms
2014-08-04 16:07:35.844 Donler[21443:70b] Resetting plugins due to page load.
2014-08-04 16:07:38.392 Donler[21443:70b] Finished load of: file:///Users/yali-04/Library/Application%20Support/iPhone%20Simulator/7.1/Applications/DA7DBB8E-3362-49F4-9C81-F3B53AD27BD2/Donler.app/www/index.html#/login
2014-08-04 16:09:33.180 Donler[21443:70b] ERROR: {}
2014-08-04 16:09:33.198 Donler[21443:70b] THREAD WARNING: ['Console'] took '17.854004' ms. Plugin should use a background thread.
2014-08-04 16:09:33.198 Donler[21443:70b] ERROR: {}
2014-08-04 16:09:33.199 Donler[21443:70b] ERROR: {}
2014-08-04 16:09:33.199 Donler[21443:70b] ERROR: {}
2014-08-04 16:09:33.200 Donler[21443:70b] ERROR: {}
2014-08-04 16:09:33.200 Donler[21443:70b] ERROR: {}
2014-08-04 16:09:33.223 Donler[21443:70b] ERROR: {}
2014-08-05 19:38:01.722 Donler[40450:70b] Multi-tasking -> Device: YES, App: YES
2014-08-05 19:38:02.148 Donler[40450:70b] Unlimited access to network resources
2014-08-05 19:38:02.294 Donler[40450:70b] 

Started backup to iCloud! Please be careful.
Your application might rejected by Apple if you store too much data.
For more information please read "iOS Data Storage Guidelines"
You could find it at the following address https://developer.apple.com/icloud/documentation/data-storage/ .

2014-08-05 19:38:04.024 Donler[40450:70b] CDVPlugin class CDVStatusBar (pluginName: statusbar) does not exist.
2014-08-05 19:38:04.025 Donler[40450:70b] [CDVTimer][statusbar] 0.506997ms
2014-08-05 19:38:04.025 Donler[40450:70b] [CDVTimer][TotalPluginStartup] 0.948012ms
2014-08-05 19:38:04.964 Donler[40450:70b] Resetting plugins due to page load.
2014-08-05 19:38:05.665 Donler[40450:70b] Finished load of: file:///Users/yali-04/Library/Application%20Support/iPhone%20Simulator/7.1/Applications/DA7DBB8E-3362-49F4-9C81-F3B53AD27BD2/Donler.app/www/index.html#/login
2014-08-05 19:38:07.379 Donler[40450:70b] THREAD WARNING: ['Device'] took '142.078857' ms. Plugin should use a background thread.
2014-08-07 11:48:52.827 Donler[4468:70b] Multi-tasking -> Device: YES, App: YES
2014-08-07 11:48:52.898 Donler[4468:70b] Unlimited access to network resources
2014-08-07 11:48:52.925 Donler[4468:70b] 

Started backup to iCloud! Please be careful.
Your application might rejected by Apple if you store too much data.
For more information please read "iOS Data Storage Guidelines"
You could find it at the following address https://developer.apple.com/icloud/documentation/data-storage/ .

2014-08-07 11:48:52.941 Donler[4468:70b] CDVPlugin class CDVStatusBar (pluginName: statusbar) does not exist.
2014-08-07 11:48:52.941 Donler[4468:70b] [CDVTimer][statusbar] 0.267029ms
2014-08-07 11:48:52.941 Donler[4468:70b] [CDVTimer][TotalPluginStartup] 0.581026ms
2014-08-07 11:48:53.045 Donler[4468:70b] Resetting plugins due to page load.
2014-08-07 11:48:53.268 Donler[4468:70b] Finished load of: file:///Users/yali-04/Library/Application%20Support/iPhone%20Simulator/7.1/Applications/DA7DBB8E-3362-49F4-9C81-F3B53AD27BD2/Donler.app/www/index.html#/login
2014-08-07 13:56:41.414 Donler[13388:70b] Multi-tasking -> Device: YES, App: YES
2014-08-07 13:56:41.637 Donler[13388:70b] Unlimited access to network resources
2014-08-07 13:56:41.715 Donler[13388:70b] 

Started backup to iCloud! Please be careful.
Your application might rejected by Apple if you store too much data.
For more information please read "iOS Data Storage Guidelines"
You could find it at the following address https://developer.apple.com/icloud/documentation/data-storage/ .

2014-08-07 13:56:42.898 Donler[13388:70b] CDVPlugin class CDVStatusBar (pluginName: statusbar) does not exist.
2014-08-07 13:56:42.898 Donler[13388:70b] [CDVTimer][statusbar] 0.407994ms
2014-08-07 13:56:42.898 Donler[13388:70b] [CDVTimer][TotalPluginStartup] 0.813007ms
2014-08-07 13:56:44.063 Donler[13388:70b] Resetting plugins due to page load.
2014-08-07 13:56:45.144 Donler[13388:70b] Finished load of: file:///Users/yali-04/Library/Application%20Support/iPhone%20Simulator/7.1/Applications/DA7DBB8E-3362-49F4-9C81-F3B53AD27BD2/Donler.app/www/index.html#/login
2014-08-18 17:01:08.737 Donler[22139:70b] Multi-tasking -> Device: YES, App: YES
2014-08-18 17:01:09.009 Donler[22139:70b] Unlimited access to network resources
2014-08-18 17:01:09.291 Donler[22139:70b] 

Started backup to iCloud! Please be careful.
Your application might rejected by Apple if you store too much data.
For more information please read "iOS Data Storage Guidelines"
You could find it at the following address https://developer.apple.com/icloud/documentation/data-storage/ .

2014-08-18 17:01:11.664 Donler[22139:70b] CDVPlugin class CDVStatusBar (pluginName: statusbar) does not exist.
2014-08-18 17:01:11.665 Donler[22139:70b] [CDVTimer][statusbar] 0.555992ms
2014-08-18 17:01:11.665 Donler[22139:70b] [CDVTimer][TotalPluginStartup] 0.984967ms
2014-08-18 17:01:14.287 Donler[22139:70b] Resetting plugins due to page load.
2014-08-22 17:03:54.791 Donler[24618:70b] Multi-tasking -> Device: YES, App: YES
2014-08-22 17:03:54.932 Donler[24618:70b] Unlimited access to network resources
2014-08-22 17:03:54.960 Donler[24618:70b] 

Started backup to iCloud! Please be careful.
Your application might rejected by Apple if you store too much data.
For more information please read "iOS Data Storage Guidelines"
You could find it at the following address https://developer.apple.com/icloud/documentation/data-storage/ .

2014-08-22 17:03:55.864 Donler[24618:70b] CDVPlugin class CDVStatusBar (pluginName: statusbar) does not exist.
2014-08-22 17:03:55.865 Donler[24618:70b] [CDVTimer][statusbar] 0.795007ms
2014-08-22 17:03:55.866 Donler[24618:70b] [CDVTimer][TotalPluginStartup] 1.475990ms
2014-08-22 17:03:56.250 Donler[24618:70b] Resetting plugins due to page load.
2014-08-22 17:03:57.001 Donler[24618:70b] Finished load of: file:///Users/yali-04/Library/Application%20Support/iPhone%20Simulator/7.1/Applications/DA7DBB8E-3362-49F4-9C81-F3B53AD27BD2/Donler.app/www/index.html#/login
<<<<<<< HEAD
<<<<<<< HEAD
2014-08-28 19:21:43.085 Donler[16750:70b] Multi-tasking -> Device: YES, App: YES
2014-08-28 19:21:43.166 Donler[16750:70b] Unlimited access to network resources
2014-08-28 19:21:43.189 Donler[16750:70b] 
=======
2014-08-29 13:35:14.672 Donler[14231:70b] Multi-tasking -> Device: YES, App: YES
2014-08-29 13:35:14.683 Donler[14231:70b] Unlimited access to network resources
2014-08-29 13:35:14.704 Donler[14231:70b] 
>>>>>>> 修复打包后不能上传文件的BUG
=======
2014-08-29 13:35:14.672 Donler[14231:70b] Multi-tasking -> Device: YES, App: YES
2014-08-29 13:35:14.683 Donler[14231:70b] Unlimited access to network resources
2014-08-29 13:35:14.704 Donler[14231:70b] 
=======
2014-08-28 12:12:56.261 Donler[2510:70b] Multi-tasking -> Device: YES, App: YES
2014-08-28 12:12:57.049 Donler[2510:70b] Unlimited access to network resources
2014-08-28 12:12:57.202 Donler[2510:70b] 
>>>>>>> 增加iOS token获取(需要真机)
>>>>>>> 增加iOS token获取(需要真机)

Started backup to iCloud! Please be careful.
Your application might rejected by Apple if you store too much data.
For more information please read "iOS Data Storage Guidelines"
You could find it at the following address https://developer.apple.com/icloud/documentation/data-storage/ .

<<<<<<< HEAD
<<<<<<< HEAD
2014-08-28 19:21:43.237 Donler[16750:70b] [CDVTimer][localnotification] 25.736034ms
2014-08-28 19:21:43.238 Donler[16750:70b] [CDVTimer][localnotification] 0.016987ms
2014-08-28 19:21:43.466 Donler[16750:70b] [CDVTimer][file] 227.930009ms
2014-08-28 19:21:43.467 Donler[16750:70b] CDVPlugin class CDVStatusBar (pluginName: statusbar) does not exist.
2014-08-28 19:21:43.467 Donler[16750:70b] [CDVTimer][statusbar] 0.517011ms
2014-08-28 19:21:43.468 Donler[16750:70b] [CDVTimer][TotalPluginStartup] 256.422997ms
2014-08-28 19:21:43.858 Donler[16750:70b] Resetting plugins due to page load.
2014-08-28 19:21:44.487 Donler[16750:70b] Finished load of: file:///Users/cahavar/Library/Application%20Support/iPhone%20Simulator/7.1/Applications/81067CD3-B0AA-4325-825A-959F3EF8EBEC/Donler.app/www/index.html#/login
2014-08-28 19:21:44.757 Donler[16750:70b] THREAD WARNING: ['Device'] took '16.036865' ms. Plugin should use a background thread.
2014-08-28 19:21:44.774 Donler[16750:70b] THREAD WARNING: ['File'] took '16.426270' ms. Plugin should use a background thread.
2014-08-28 19:22:55.668 Donler[16750:70b] Received memory warning.
2014-08-29 11:20:09.361 Donler[1302:70b] Multi-tasking -> Device: YES, App: YES
2014-08-29 11:20:09.637 Donler[1302:70b] Unlimited access to network resources
2014-08-29 11:20:09.661 Donler[1302:70b] 
=======
=======
>>>>>>> 增加iOS token获取(需要真机)
2014-08-29 13:35:14.720 Donler[14231:70b] [CDVTimer][localnotification] 0.081003ms
2014-08-29 13:35:14.720 Donler[14231:70b] [CDVTimer][localnotification] 0.011027ms
2014-08-29 13:35:14.722 Donler[14231:70b] [CDVTimer][file] 1.186013ms
2014-08-29 13:35:14.722 Donler[14231:70b] CDVPlugin class CDVStatusBar (pluginName: statusbar) does not exist.
2014-08-29 13:35:14.722 Donler[14231:70b] [CDVTimer][statusbar] 0.370979ms
2014-08-29 13:35:14.723 Donler[14231:70b] [CDVTimer][TotalPluginStartup] 3.247976ms
2014-08-29 13:35:15.325 Donler[14231:70b] Resetting plugins due to page load.
2014-08-29 13:35:15.544 Donler[14231:70b] Finished load of: file:///Users/cahavar/Library/Application%20Support/iPhone%20Simulator/7.1/Applications/E884681F-A827-4056-B2AC-7B16E70ADEB6/Donler.app/www/index.html#/login
2014-08-29 13:35:46.026 Donler[14786:70b] Multi-tasking -> Device: YES, App: YES
2014-08-29 13:35:46.034 Donler[14786:70b] Unlimited access to network resources
2014-08-29 13:35:46.036 Donler[14786:70b] 
<<<<<<< HEAD
>>>>>>> 修复打包后不能上传文件的BUG
=======
=======
2014-08-28 12:12:58.405 Donler[2510:70b] [CDVTimer][localnotification] 26.045978ms
2014-08-28 12:12:58.406 Donler[2510:70b] [CDVTimer][localnotification] 0.017047ms
2014-08-28 12:12:58.431 Donler[2510:70b] [CDVTimer][file] 25.155008ms
2014-08-28 12:12:58.432 Donler[2510:70b] CDVPlugin class CDVStatusBar (pluginName: statusbar) does not exist.
2014-08-28 12:12:58.433 Donler[2510:70b] [CDVTimer][statusbar] 0.545979ms
2014-08-28 12:12:58.433 Donler[2510:70b] [CDVTimer][TotalPluginStartup] 54.168999ms
2014-08-28 12:12:59.021 Donler[2510:70b] Resetting plugins due to page load.
2014-08-28 12:13:00.348 Donler[2510:70b] Finished load of: file:///Users/yali-02/Library/Application%20Support/iPhone%20Simulator/7.1/Applications/251D670F-3C01-4BFD-B18E-FEBD683D3671/Donler.app/www/index.html#/login
2014-08-28 12:13:01.584 Donler[2510:70b] THREAD WARNING: ['Device'] took '64.749756' ms. Plugin should use a background thread.
2014-08-28 12:13:01.739 Donler[2510:70b] THREAD WARNING: ['File'] took '119.441162' ms. Plugin should use a background thread.
2014-08-28 12:16:22.923 Donler[2938:70b] Multi-tasking -> Device: YES, App: YES
2014-08-28 12:16:22.964 Donler[2938:70b] Unlimited access to network resources
2014-08-28 12:16:22.967 Donler[2938:70b] 
>>>>>>> 增加iOS token获取(需要真机)
>>>>>>> 增加iOS token获取(需要真机)

Started backup to iCloud! Please be careful.
Your application might rejected by Apple if you store too much data.
For more information please read "iOS Data Storage Guidelines"
You could find it at the following address https://developer.apple.com/icloud/documentation/data-storage/ .

<<<<<<< HEAD
<<<<<<< HEAD
2014-08-29 11:20:11.389 Donler[1302:70b] [CDVTimer][localnotification] 0.063002ms
2014-08-29 11:20:11.389 Donler[1302:70b] [CDVTimer][localnotification] 0.014961ms
2014-08-29 11:20:11.418 Donler[1302:70b] [CDVTimer][file] 27.689993ms
2014-08-29 11:20:11.418 Donler[1302:70b] CDVPlugin class CDVStatusBar (pluginName: statusbar) does not exist.
2014-08-29 11:20:11.419 Donler[1302:70b] [CDVTimer][statusbar] 0.643015ms
2014-08-29 11:20:11.420 Donler[1302:70b] [CDVTimer][TotalPluginStartup] 30.873001ms
2014-08-29 11:20:11.761 Donler[1302:70b] Resetting plugins due to page load.
2014-08-29 11:20:12.260 Donler[1302:70b] Finished load of: file:///Users/cahavar/Library/Application%20Support/iPhone%20Simulator/7.1/Applications/CDA124C7-F3E4-49BD-836E-3A411C8FE16C/Donler.app/www/index.html#/login
2014-08-29 11:20:20.406 Donler[1302:70b] Received memory warning.
2014-08-29 13:10:06.053 Donler[6597:70b] Multi-tasking -> Device: YES, App: YES
2014-08-29 13:10:06.084 Donler[6597:70b] Unlimited access to network resources
2014-08-29 13:10:06.113 Donler[6597:70b] 

Started backup to iCloud! Please be careful.
Your application might rejected by Apple if you store too much data.
For more information please read "iOS Data Storage Guidelines"
You could find it at the following address https://developer.apple.com/icloud/documentation/data-storage/ .

2014-08-29 13:10:06.135 Donler[6597:70b] [CDVTimer][localnotification] 0.083029ms
2014-08-29 13:10:06.136 Donler[6597:70b] [CDVTimer][localnotification] 0.012994ms
2014-08-29 13:10:06.138 Donler[6597:70b] [CDVTimer][file] 1.960993ms
2014-08-29 13:10:06.139 Donler[6597:70b] CDVPlugin class CDVStatusBar (pluginName: statusbar) does not exist.
2014-08-29 13:10:06.140 Donler[6597:70b] [CDVTimer][statusbar] 0.460029ms
2014-08-29 13:10:06.140 Donler[6597:70b] [CDVTimer][TotalPluginStartup] 4.916012ms
2014-08-29 13:10:06.213 Donler[6597:70b] Resetting plugins due to page load.
2014-08-29 13:10:06.871 Donler[6597:70b] Finished load of: file:///Users/cahavar/Library/Application%20Support/iPhone%20Simulator/7.1/Applications/CDA124C7-F3E4-49BD-836E-3A411C8FE16C/Donler.app/www/index.html#/login
2014-08-29 13:12:13.831 Donler[7824:70b] Multi-tasking -> Device: YES, App: YES
2014-08-29 13:12:13.838 Donler[7824:70b] Unlimited access to network resources
2014-08-29 13:12:13.840 Donler[7824:70b] 

Started backup to iCloud! Please be careful.
Your application might rejected by Apple if you store too much data.
For more information please read "iOS Data Storage Guidelines"
You could find it at the following address https://developer.apple.com/icloud/documentation/data-storage/ .

2014-08-29 13:12:13.855 Donler[7824:70b] [CDVTimer][localnotification] 0.052989ms
2014-08-29 13:12:13.855 Donler[7824:70b] [CDVTimer][localnotification] 0.014007ms
2014-08-29 13:12:13.857 Donler[7824:70b] [CDVTimer][file] 1.143038ms
2014-08-29 13:12:13.857 Donler[7824:70b] CDVPlugin class CDVStatusBar (pluginName: statusbar) does not exist.
2014-08-29 13:12:13.858 Donler[7824:70b] [CDVTimer][statusbar] 0.351965ms
2014-08-29 13:12:13.858 Donler[7824:70b] [CDVTimer][TotalPluginStartup] 3.203988ms
2014-08-29 13:12:13.899 Donler[7824:70b] Resetting plugins due to page load.
2014-08-29 13:12:14.034 Donler[7824:70b] Finished load of: file:///Users/cahavar/Library/Application%20Support/iPhone%20Simulator/7.1/Applications/CDA124C7-F3E4-49BD-836E-3A411C8FE16C/Donler.app/www/index.html#/login
2014-08-29 13:16:36.707 Donler[9459:70b] Multi-tasking -> Device: YES, App: YES
2014-08-29 13:16:36.841 Donler[9459:70b] Unlimited access to network resources
2014-08-29 13:16:36.844 Donler[9459:70b] 

Started backup to iCloud! Please be careful.
Your application might rejected by Apple if you store too much data.
For more information please read "iOS Data Storage Guidelines"
You could find it at the following address https://developer.apple.com/icloud/documentation/data-storage/ .

2014-08-29 13:16:36.858 Donler[9459:70b] [CDVTimer][localnotification] 0.051975ms
2014-08-29 13:16:36.859 Donler[9459:70b] [CDVTimer][localnotification] 0.012994ms
2014-08-29 13:16:36.861 Donler[9459:70b] [CDVTimer][file] 1.498997ms
2014-08-29 13:16:36.861 Donler[9459:70b] CDVPlugin class CDVStatusBar (pluginName: statusbar) does not exist.
2014-08-29 13:16:36.861 Donler[9459:70b] [CDVTimer][statusbar] 0.384986ms
2014-08-29 13:16:36.862 Donler[9459:70b] [CDVTimer][TotalPluginStartup] 3.601015ms
2014-08-29 13:16:37.015 Donler[9459:70b] Resetting plugins due to page load.
2014-08-29 13:16:37.228 Donler[9459:70b] Finished load of: file:///Users/cahavar/Library/Application%20Support/iPhone%20Simulator/7.1/Applications/A8189600-1C27-4DDA-AE14-BCFFAE6A4C75/Donler.app/www/index.html#/login
2014-08-29 13:18:20.061 Donler[10755:70b] Multi-tasking -> Device: YES, App: YES
2014-08-29 13:18:20.071 Donler[10755:70b] Unlimited access to network resources
2014-08-29 13:18:20.075 Donler[10755:70b] 

Started backup to iCloud! Please be careful.
Your application might rejected by Apple if you store too much data.
For more information please read "iOS Data Storage Guidelines"
You could find it at the following address https://developer.apple.com/icloud/documentation/data-storage/ .

2014-08-29 13:18:20.095 Donler[10755:70b] [CDVTimer][localnotification] 0.081956ms
2014-08-29 13:18:20.095 Donler[10755:70b] [CDVTimer][localnotification] 0.014007ms
2014-08-29 13:18:20.097 Donler[10755:70b] [CDVTimer][file] 1.513004ms
2014-08-29 13:18:20.098 Donler[10755:70b] CDVPlugin class CDVStatusBar (pluginName: statusbar) does not exist.
2014-08-29 13:18:20.098 Donler[10755:70b] [CDVTimer][statusbar] 0.367999ms
2014-08-29 13:18:20.098 Donler[10755:70b] [CDVTimer][TotalPluginStartup] 3.688037ms
2014-08-29 13:18:20.706 Donler[10755:70b] Resetting plugins due to page load.
2014-08-29 13:18:20.902 Donler[10755:70b] Finished load of: file:///Users/cahavar/Library/Application%20Support/iPhone%20Simulator/7.1/Applications/E884681F-A827-4056-B2AC-7B16E70ADEB6/Donler.app/www/index.html#/login
=======
=======
>>>>>>> 增加iOS token获取(需要真机)
2014-08-29 13:35:46.052 Donler[14786:70b] [CDVTimer][localnotification] 0.051975ms
2014-08-29 13:35:46.053 Donler[14786:70b] [CDVTimer][localnotification] 0.014007ms
2014-08-29 13:35:46.055 Donler[14786:70b] [CDVTimer][file] 1.436949ms
2014-08-29 13:35:46.055 Donler[14786:70b] CDVPlugin class CDVStatusBar (pluginName: statusbar) does not exist.
2014-08-29 13:35:46.056 Donler[14786:70b] [CDVTimer][statusbar] 0.398993ms
2014-08-29 13:35:46.056 Donler[14786:70b] [CDVTimer][TotalPluginStartup] 3.565013ms
2014-08-29 13:35:46.194 Donler[14786:70b] Resetting plugins due to page load.
2014-08-29 13:35:46.376 Donler[14786:70b] Finished load of: file:///Users/cahavar/Library/Application%20Support/iPhone%20Simulator/7.1/Applications/788BFDF5-AAE0-4352-B79A-F7608A5D0B7B/Donler.app/www/index.html#/login
<<<<<<< HEAD
>>>>>>> 修复打包后不能上传文件的BUG
=======
=======
2014-08-28 12:16:23.004 Donler[2938:70b] [CDVTimer][localnotification] 0.077009ms
2014-08-28 12:16:23.004 Donler[2938:70b] [CDVTimer][localnotification] 0.012994ms
2014-08-28 12:16:23.006 Donler[2938:70b] [CDVTimer][file] 1.717985ms
2014-08-28 12:16:23.007 Donler[2938:70b] CDVPlugin class CDVStatusBar (pluginName: statusbar) does not exist.
2014-08-28 12:16:23.007 Donler[2938:70b] [CDVTimer][statusbar] 0.440001ms
2014-08-28 12:16:23.008 Donler[2938:70b] [CDVTimer][TotalPluginStartup] 4.148006ms
2014-08-28 12:16:23.788 Donler[2938:70b] Resetting plugins due to page load.
2014-08-28 12:16:23.945 Donler[2938:70b] Finished load of: file:///Users/yali-02/Library/Application%20Support/iPhone%20Simulator/7.1/Applications/8955FE61-0D1F-48ED-BDBC-0B62B512AA73/Donler.app/www/index.html#/login
2014-08-28 12:17:41.596 Donler[2938:70b] iOS
2014-08-28 12:17:41.634 Donler[2938:70b] THREAD WARNING: ['Console'] took '37.327881' ms. Plugin should use a background thread.
2014-08-28 12:17:58.158 Donler[2938:70b] iOS
2014-08-28 12:18:06.068 Donler[2938:70b] iOS
2014-08-28 12:18:06.574 Donler[2938:70b] iOS
2014-08-28 12:18:06.959 Donler[2938:70b] iOS
2014-08-28 12:18:07.162 Donler[2938:70b] iOS
2014-08-28 12:18:07.343 Donler[2938:70b] iOS
2014-08-28 12:18:07.595 Donler[2938:70b] iOS
2014-08-28 12:18:07.751 Donler[2938:70b] iOS
2014-08-28 12:18:12.319 Donler[2938:70b] iOS
2014-08-28 12:18:12.922 Donler[2938:70b] iOS
2014-08-28 12:18:13.296 Donler[2938:70b] iOS
2014-08-28 12:18:13.603 Donler[2938:70b] iOS
2014-08-28 12:18:16.562 Donler[2938:70b] iOS
2014-08-28 12:18:26.647 Donler[2938:70b] iOS
2014-08-28 12:18:27.108 Donler[2938:70b] iOS
2014-08-28 12:18:27.890 Donler[2938:70b] iOS
2014-08-28 12:18:28.205 Donler[2938:70b] iOS
2014-08-28 12:18:28.380 Donler[2938:70b] iOS
2014-08-28 12:18:28.642 Donler[2938:70b] iOS
2014-08-28 12:18:29.041 Donler[2938:70b] iOS
2014-08-28 12:18:31.640 Donler[2938:70b] iOS
2014-08-28 12:18:32.327 Donler[2938:70b] iOS
2014-08-28 12:18:32.688 Donler[2938:70b] iOS
2014-08-28 12:18:32.860 Donler[2938:70b] iOS
2014-08-28 12:18:33.026 Donler[2938:70b] iOS
2014-08-28 12:18:51.140 Donler[2938:70b] iOS
2014-08-28 12:18:51.673 Donler[2938:70b] iOS
2014-08-28 12:18:52.032 Donler[2938:70b] iOS
2014-08-28 12:18:52.324 Donler[2938:70b] iOS
2014-08-28 12:18:52.861 Donler[2938:70b] iOS
2014-08-28 12:18:53.269 Donler[2938:70b] iOS
2014-08-28 12:18:53.472 Donler[2938:70b] iOS
2014-08-28 12:18:53.675 Donler[2938:70b] iOS
2014-08-28 12:18:53.867 Donler[2938:70b] iOS
2014-08-28 12:18:54.061 Donler[2938:70b] iOS
2014-08-28 12:18:54.233 Donler[2938:70b] iOS
2014-08-28 12:18:54.395 Donler[2938:70b] iOS
2014-08-28 12:18:54.567 Donler[2938:70b] iOS
2014-08-28 12:18:54.725 Donler[2938:70b] iOS
2014-08-28 12:18:54.889 Donler[2938:70b] iOS
2014-08-28 12:18:55.053 Donler[2938:70b] iOS
2014-08-28 12:18:55.225 Donler[2938:70b] iOS
2014-08-28 12:18:55.405 Donler[2938:70b] iOS
2014-08-28 12:18:55.625 Donler[2938:70b] iOS
2014-08-28 12:18:55.816 Donler[2938:70b] iOS
2014-08-28 12:18:56.001 Donler[2938:70b] iOS
2014-08-28 12:18:56.300 Donler[2938:70b] iOS
2014-08-28 12:20:12.475 Donler[2938:70b] iOS
2014-08-28 12:20:12.524 Donler[2938:70b] THREAD WARNING: ['Console'] took '49.416992' ms. Plugin should use a background thread.
2014-08-28 12:20:13.007 Donler[2938:70b] iOS
2014-08-28 12:20:13.319 Donler[2938:70b] iOS
2014-08-28 12:20:13.619 Donler[2938:70b] iOS
2014-08-28 12:20:13.844 Donler[2938:70b] iOS
2014-08-28 12:20:14.229 Donler[2938:70b] iOS
2014-08-28 12:20:14.606 Donler[2938:70b] iOS
2014-08-28 12:20:14.847 Donler[2938:70b] iOS
2014-08-28 12:20:15.019 Donler[2938:70b] iOS
2014-08-28 12:20:15.206 Donler[2938:70b] iOS
2014-08-28 12:20:15.440 Donler[2938:70b] iOS
2014-08-28 12:20:15.604 Donler[2938:70b] iOS
2014-08-28 12:20:18.828 Donler[2938:70b] iOS
2014-08-28 12:20:19.110 Donler[2938:70b] iOS
2014-08-28 12:20:19.372 Donler[2938:70b] iOS
2014-08-28 12:20:22.193 Donler[2938:70b] iOS
2014-08-28 12:20:22.624 Donler[2938:70b] iOS
2014-08-28 12:20:22.889 Donler[2938:70b] iOS
2014-08-28 12:20:23.085 Donler[2938:70b] iOS
2014-08-28 12:20:23.265 Donler[2938:70b] iOS
2014-08-28 12:20:23.462 Donler[2938:70b] iOS
2014-08-28 12:20:23.618 Donler[2938:70b] iOS
2014-08-28 12:20:23.790 Donler[2938:70b] iOS
2014-08-28 12:20:23.954 Donler[2938:70b] iOS
2014-08-28 12:20:24.119 Donler[2938:70b] iOS
2014-08-28 12:20:24.291 Donler[2938:70b] iOS
2014-08-28 12:20:24.464 Donler[2938:70b] iOS
2014-08-28 12:20:24.643 Donler[2938:70b] iOS
2014-08-28 12:20:24.823 Donler[2938:70b] iOS
2014-08-28 12:20:25.003 Donler[2938:70b] iOS
2014-08-28 12:20:25.184 Donler[2938:70b] iOS
2014-08-28 12:20:25.371 Donler[2938:70b] iOS
2014-08-28 12:20:25.750 Donler[2938:70b] iOS
2014-08-28 12:20:25.919 Donler[2938:70b] iOS
2014-08-28 12:20:26.284 Donler[2938:70b] iOS
2014-08-28 12:20:26.454 Donler[2938:70b] iOS
2014-08-28 12:20:48.478 Donler[2938:70b] iOS
2014-08-28 12:20:49.152 Donler[2938:70b] iOS
2014-08-28 12:20:49.512 Donler[2938:70b] iOS
2014-08-28 12:20:49.926 Donler[2938:70b] iOS
2014-08-28 12:20:50.161 Donler[2938:70b] iOS
2014-08-28 12:20:50.380 Donler[2938:70b] iOS
2014-08-28 12:20:50.601 Donler[2938:70b] iOS
2014-08-28 12:20:51.030 Donler[2938:70b] iOS
2014-08-28 12:20:51.453 Donler[2938:70b] iOS
2014-08-28 12:20:51.668 Donler[2938:70b] iOS
2014-08-28 12:21:11.321 Donler[2938:70b] iOS
2014-08-28 12:21:11.697 Donler[2938:70b] iOS
2014-08-28 12:21:11.958 Donler[2938:70b] iOS
2014-08-28 12:21:12.222 Donler[2938:70b] iOS
2014-08-28 12:21:12.472 Donler[2938:70b] iOS
2014-08-28 12:21:12.662 Donler[2938:70b] iOS
2014-08-28 12:21:14.697 Donler[2938:70b] iOS
2014-08-28 12:21:15.064 Donler[2938:70b] iOS
2014-08-28 12:21:15.427 Donler[2938:70b] iOS
2014-08-28 12:21:15.862 Donler[2938:70b] iOS
2014-08-28 12:21:16.370 Donler[2938:70b] iOS
2014-08-28 12:21:16.677 Donler[2938:70b] iOS
2014-08-28 12:21:16.855 Donler[2938:70b] iOS
2014-08-28 12:21:27.216 Donler[2938:70b] iOS
2014-08-28 12:21:27.216 Donler[2938:70b] iOS
2014-08-28 12:21:27.990 Donler[2938:70b] iOS
2014-08-28 12:21:28.288 Donler[2938:70b] iOS
2014-08-28 12:21:28.523 Donler[2938:70b] iOS
2014-08-28 12:21:28.749 Donler[2938:70b] iOS
2014-08-28 12:21:28.977 Donler[2938:70b] iOS
2014-08-28 12:21:29.218 Donler[2938:70b] iOS
2014-08-28 12:21:29.406 Donler[2938:70b] iOS
2014-08-28 12:21:29.575 Donler[2938:70b] iOS
2014-08-28 12:21:29.742 Donler[2938:70b] iOS
2014-08-28 12:21:29.900 Donler[2938:70b] iOS
2014-08-28 12:21:30.244 Donler[2938:70b] iOS
2014-08-28 12:23:38.036 Donler[3379:70b] Multi-tasking -> Device: YES, App: YES
2014-08-28 12:23:38.067 Donler[3379:70b] Unlimited access to network resources
2014-08-28 12:23:38.070 Donler[3379:70b] 

Started backup to iCloud! Please be careful.
Your application might rejected by Apple if you store too much data.
For more information please read "iOS Data Storage Guidelines"
You could find it at the following address https://developer.apple.com/icloud/documentation/data-storage/ .

2014-08-28 12:23:38.085 Donler[3379:70b] [CDVTimer][localnotification] 0.051975ms
2014-08-28 12:23:38.086 Donler[3379:70b] [CDVTimer][localnotification] 0.012994ms
2014-08-28 12:23:38.088 Donler[3379:70b] [CDVTimer][file] 1.595974ms
2014-08-28 12:23:38.088 Donler[3379:70b] CDVPlugin class CDVStatusBar (pluginName: statusbar) does not exist.
2014-08-28 12:23:38.089 Donler[3379:70b] [CDVTimer][statusbar] 0.423014ms
2014-08-28 12:23:38.089 Donler[3379:70b] [CDVTimer][TotalPluginStartup] 3.787994ms
2014-08-28 12:23:38.484 Donler[3379:70b] Resetting plugins due to page load.
2014-08-28 12:23:38.764 Donler[3379:70b] Finished load of: file:///Users/yali-02/Library/Application%20Support/iPhone%20Simulator/7.1/Applications/FDC9044C-E52E-464B-9373-ACA16E303A75/Donler.app/www/index.html#/login
2014-08-28 12:23:53.634 Donler[3379:70b] iOS
2014-08-28 12:23:54.662 Donler[3379:70b] iOS
2014-08-28 12:23:55.349 Donler[3379:70b] iOS
2014-08-28 12:23:55.578 Donler[3379:70b] iOS
2014-08-28 12:23:55.766 Donler[3379:70b] iOS
2014-08-28 12:23:55.961 Donler[3379:70b] iOS
2014-08-28 12:23:56.164 Donler[3379:70b] iOS
2014-08-28 12:23:56.384 Donler[3379:70b] iOS
2014-08-28 12:24:00.046 Donler[3379:70b] iOS
2014-08-28 12:24:00.581 Donler[3379:70b] iOS
2014-08-28 12:24:01.070 Donler[3379:70b] iOS
2014-08-28 12:24:01.869 Donler[3379:70b] iOS
2014-08-28 12:24:02.049 Donler[3379:70b] iOS
2014-08-28 12:24:02.494 Donler[3379:70b] iOS
2014-08-28 12:24:02.670 Donler[3379:70b] iOS
2014-08-28 12:24:02.870 Donler[3379:70b] iOS
2014-08-28 12:24:03.247 Donler[3379:70b] iOS
2014-08-28 12:24:03.521 Donler[3379:70b] iOS
2014-08-28 12:24:03.724 Donler[3379:70b] iOS
2014-08-28 12:24:03.934 Donler[3379:70b] iOS
2014-08-28 12:24:04.131 Donler[3379:70b] iOS
2014-08-28 12:24:04.373 Donler[3379:70b] iOS
2014-08-28 12:24:04.585 Donler[3379:70b] iOS
2014-08-28 12:24:05.085 Donler[3379:70b] iOS
2014-08-28 12:24:05.424 Donler[3379:70b] iOS
2014-08-28 12:24:06.181 Donler[3379:70b] iOS
2014-08-28 12:24:06.344 Donler[3379:70b] iOS
2014-08-28 12:24:06.862 Donler[3379:70b] iOS
2014-08-28 12:24:07.026 Donler[3379:70b] iOS
2014-08-28 12:24:08.327 Donler[3379:70b] iOS
2014-08-28 12:24:08.506 Donler[3379:70b] iOS
2014-08-28 12:24:09.350 Donler[3379:70b] iOS
2014-08-28 12:24:09.508 Donler[3379:70b] iOS
2014-08-28 16:01:09.613 Donler[15051:70b] Multi-tasking -> Device: YES, App: YES
2014-08-28 16:01:09.648 Donler[15051:70b] Unlimited access to network resources
2014-08-28 16:01:09.651 Donler[15051:70b] 

Started backup to iCloud! Please be careful.
Your application might rejected by Apple if you store too much data.
For more information please read "iOS Data Storage Guidelines"
You could find it at the following address https://developer.apple.com/icloud/documentation/data-storage/ .

2014-08-28 16:01:09.666 Donler[15051:70b] [CDVTimer][localnotification] 0.054002ms
2014-08-28 16:01:09.666 Donler[15051:70b] [CDVTimer][localnotification] 0.014007ms
2014-08-28 16:01:09.668 Donler[15051:70b] [CDVTimer][file] 1.510024ms
2014-08-28 16:01:09.668 Donler[15051:70b] CDVPlugin class CDVStatusBar (pluginName: statusbar) does not exist.
2014-08-28 16:01:09.669 Donler[15051:70b] [CDVTimer][statusbar] 0.359952ms
2014-08-28 16:01:09.669 Donler[15051:70b] [CDVTimer][TotalPluginStartup] 3.637969ms
2014-08-28 16:01:09.810 Donler[15051:70b] Resetting plugins due to page load.
2014-08-28 16:01:09.966 Donler[15051:70b] Finished load of: file:///Users/yali-02/Library/Application%20Support/iPhone%20Simulator/7.1/Applications/DF217636-C856-400B-B80B-2F0A5FB8B5C8/Donler.app/www/index.html#/login
2014-08-28 16:01:10.544 Donler[15051:70b] THREAD WARNING: ['Device'] took '266.656982' ms. Plugin should use a background thread.
2014-08-28 16:03:09.986 Donler[15051:70b] 0
2014-08-28 16:51:46.982 Donler[17859:70b] Initializing application: (null) (null)
2014-08-28 16:51:47.917 Donler[17859:70b] Multi-tasking -> Device: YES, App: YES
2014-08-28 16:51:47.923 Donler[17859:70b] Unlimited access to network resources
2014-08-28 16:51:47.926 Donler[17859:70b] 

Started backup to iCloud! Please be careful.
Your application might rejected by Apple if you store too much data.
For more information please read "iOS Data Storage Guidelines"
You could find it at the following address https://developer.apple.com/icloud/documentation/data-storage/ .

2014-08-28 16:51:47.941 Donler[17859:70b] [CDVTimer][localnotification] 0.055015ms
2014-08-28 16:51:47.941 Donler[17859:70b] [CDVTimer][localnotification] 0.011981ms
2014-08-28 16:51:47.943 Donler[17859:70b] [CDVTimer][file] 1.407027ms
2014-08-28 16:51:47.943 Donler[17859:70b] CDVPlugin class CDVStatusBar (pluginName: statusbar) does not exist.
2014-08-28 16:51:47.944 Donler[17859:70b] [CDVTimer][statusbar] 0.356972ms
2014-08-28 16:51:47.944 Donler[17859:70b] [CDVTimer][TotalPluginStartup] 3.477991ms
2014-08-28 16:51:48.536 Donler[17859:70b] Resetting plugins due to page load.
2014-08-28 16:51:48.844 Donler[17859:70b] Finished load of: file:///Users/yali-02/Library/Application%20Support/iPhone%20Simulator/7.1/Applications/5C0463BC-9EFB-488B-99AB-F5DEB8242617/Donler.app/www/index.html#/login
2014-08-28 16:51:56.501 Donler[17859:70b] 0
>>>>>>> 增加iOS token获取(需要真机)
>>>>>>> 增加iOS token获取(需要真机)
2014-08-29 14:11:30.398 Donler[7475:70b] Multi-tasking -> Device: YES, App: YES
2014-08-29 14:11:31.252 Donler[7475:70b] Unlimited access to network resources
2014-08-29 14:11:31.405 Donler[7475:70b] 

Started backup to iCloud! Please be careful.
Your application might rejected by Apple if you store too much data.
For more information please read "iOS Data Storage Guidelines"
You could find it at the following address https://developer.apple.com/icloud/documentation/data-storage/ .

2014-08-29 14:11:34.053 Donler[7475:70b] [CDVTimer][localnotification] 0.305951ms
2014-08-29 14:11:34.054 Donler[7475:70b] [CDVTimer][localnotification] 0.012040ms
2014-08-29 14:11:34.079 Donler[7475:70b] [CDVTimer][file] 24.307013ms
2014-08-29 14:11:34.079 Donler[7475:70b] CDVPlugin class CDVStatusBar (pluginName: statusbar) does not exist.
2014-08-29 14:11:34.080 Donler[7475:70b] [CDVTimer][statusbar] 0.506997ms
2014-08-29 14:11:34.081 Donler[7475:70b] [CDVTimer][TotalPluginStartup] 27.434945ms
2014-08-29 14:11:36.282 Donler[7475:70b] Resetting plugins due to page load.
2014-08-29 14:11:39.049 Donler[7475:70b] Finished load of: file:///Users/yali-02/Library/Application%20Support/iPhone%20Simulator/7.1/Applications/22EBD4BF-018B-4E16-AE1C-26270ED96658/Donler.app/www/index.html#/login
2014-08-29 14:11:40.240 Donler[7475:70b] THREAD WARNING: ['Device'] took '42.631836' ms. Plugin should use a background thread.
